<?xml version="1.0" encoding="UTF-8"?>
<!-- Generated by org.testng.reporters.JUnitReportReporter -->
<testsuite hostname="WINDOWS-PNA1JHL" name="example.NewTest" tests="1" failures="0" timestamp="31 Mar 2016 18:46:41 GMT" time="0.442" errors="0">
  <testcase name="f" time="0.442" classname="example.NewTest"/>
</testsuite> <!-- example.NewTest -->
