<?xml version="1.0" encoding="UTF-8"?>
<!-- Generated by org.testng.reporters.JUnitReportReporter -->
<testsuite hostname="WINDOWS-PNA1JHL" name="example.NewTest" tests="1" failures="0" timestamp="1 Apr 2016 03:49:41 GMT" time="0.367" errors="0">
  <testcase name="f" time="0.367" classname="example.NewTest"/>
</testsuite> <!-- example.NewTest -->
